<?xml version="1.0" encoding="UTF-8"?>
<!-- Generated by org.testng.reporters.JUnitXMLReporter -->
<testsuite hostname="Aarya" ignored="0" name="Test" tests="3" failures="0" timestamp="2022-03-14T16:19:37 IST" time="44.865" errors="0">
  <testcase name="speedwaytechUrlValidation" time="10.362" classname="com.testng.practice.InitialiseBrowser"/>
  <testcase name="orangeHrmTitleValidateUrl" time="0.033" classname="com.testng.practice.SecondTest"/>
  <testcase name="loginWebsite" time="9.253" classname="com.testng.practice.SecondTest"/>
</testsuite> <!-- Test -->
