<?xml version="1.0" encoding="UTF-8"?>
<testng-results skipped="0" failed="0" ignored="0" total="3" passed="3">
  <reporter-output>
  </reporter-output>
  <suite name="Suite" duration-ms="44865" started-at="2022-03-14T16:18:52 IST" finished-at="2022-03-14T16:19:37 IST">
    <groups>
    </groups>
    <test name="Test" duration-ms="44865" started-at="2022-03-14T16:18:52 IST" finished-at="2022-03-14T16:19:37 IST">
      <class name="com.testng.practice.SecondTest">
        <test-method status="PASS" signature="browserLaunch(java.lang.String)[pri:0, instance:com.testng.practice.SecondTest@76a3e297]" name="browserLaunch" is-config="true" duration-ms="7711" started-at="2022-03-14T16:19:08 IST" finished-at="2022-03-14T16:19:15 IST">
          <params>
            <param index="0">
              <value>
                <![CDATA[https://opensource-demo.orangehrmlive.com/]]>
              </value>
            </param>
          </params>
          <reporter-output>
          </reporter-output>
        </test-method> <!-- browserLaunch -->
        <test-method status="PASS" signature="orangeHrmTitleValidateUrl(java.lang.String)[pri:0, instance:com.testng.practice.SecondTest@76a3e297]" name="orangeHrmTitleValidateUrl" duration-ms="33" started-at="2022-03-14T16:19:15 IST" finished-at="2022-03-14T16:19:15 IST">
          <params>
            <param index="0">
              <value>
                <![CDATA[OrangeHRM]]>
              </value>
            </param>
          </params>
          <reporter-output>
          </reporter-output>
        </test-method> <!-- orangeHrmTitleValidateUrl -->
        <test-method status="PASS" signature="closeResources()[pri:0, instance:com.testng.practice.SecondTest@76a3e297]" name="closeResources" is-config="true" duration-ms="1107" started-at="2022-03-14T16:19:15 IST" finished-at="2022-03-14T16:19:17 IST">
          <reporter-output>
          </reporter-output>
        </test-method> <!-- closeResources -->
        <test-method status="PASS" signature="browserLaunch(java.lang.String)[pri:0, instance:com.testng.practice.SecondTest@76a3e297]" name="browserLaunch" is-config="true" duration-ms="9874" started-at="2022-03-14T16:19:17 IST" finished-at="2022-03-14T16:19:26 IST">
          <params>
            <param index="0">
              <value>
                <![CDATA[https://opensource-demo.orangehrmlive.com/]]>
              </value>
            </param>
          </params>
          <reporter-output>
          </reporter-output>
        </test-method> <!-- browserLaunch -->
        <test-method status="PASS" signature="loginWebsite(java.lang.String,java.lang.String)[pri:1, instance:com.testng.practice.SecondTest@76a3e297]" name="loginWebsite" duration-ms="9253" started-at="2022-03-14T16:19:26 IST" finished-at="2022-03-14T16:19:36 IST">
          <params>
            <param index="0">
              <value>
                <![CDATA[Admin]]>
              </value>
            </param>
            <param index="1">
              <value>
                <![CDATA[admin123]]>
              </value>
            </param>
          </params>
          <reporter-output>
          </reporter-output>
        </test-method> <!-- loginWebsite -->
        <test-method status="PASS" signature="closeResources()[pri:0, instance:com.testng.practice.SecondTest@76a3e297]" name="closeResources" is-config="true" duration-ms="751" started-at="2022-03-14T16:19:36 IST" finished-at="2022-03-14T16:19:36 IST">
          <reporter-output>
          </reporter-output>
        </test-method> <!-- closeResources -->
      </class> <!-- com.testng.practice.SecondTest -->
      <class name="com.testng.practice.InitialiseBrowser">
        <test-method status="PASS" signature="browserSelect(java.lang.String)[pri:0, instance:com.testng.practice.InitialiseBrowser@1e7c7811]" name="browserSelect" is-config="true" duration-ms="5271" started-at="2022-03-14T16:18:52 IST" finished-at="2022-03-14T16:18:57 IST">
          <params>
            <param index="0">
              <value>
                <![CDATA[edge]]>
              </value>
            </param>
          </params>
          <reporter-output>
          </reporter-output>
        </test-method> <!-- browserSelect -->
        <test-method status="PASS" signature="speedwaytechUrlValidation(java.lang.String)[pri:0, instance:com.testng.practice.InitialiseBrowser@1e7c7811]" name="speedwaytechUrlValidation" duration-ms="10362" started-at="2022-03-14T16:18:57 IST" finished-at="2022-03-14T16:19:08 IST">
          <params>
            <param index="0">
              <value>
                <![CDATA[https://speedwaytech.co.in/]]>
              </value>
            </param>
          </params>
          <reporter-output>
          </reporter-output>
        </test-method> <!-- speedwaytechUrlValidation -->
        <test-method status="PASS" signature="close()[pri:0, instance:com.testng.practice.InitialiseBrowser@1e7c7811]" name="close" is-config="true" duration-ms="389" started-at="2022-03-14T16:19:36 IST" finished-at="2022-03-14T16:19:37 IST">
          <reporter-output>
          </reporter-output>
        </test-method> <!-- close -->
      </class> <!-- com.testng.practice.InitialiseBrowser -->
    </test> <!-- Test -->
  </suite> <!-- Suite -->
</testng-results>
